current directory: /Users/evandana/Documents/GitHub/pmc/gems/json-2.12.2/ext/json/ext/parser
/opt/homebrew/opt/ruby@3.1/bin/ruby extconf.rb
checking for rb_enc_interned_str() in ruby.h... yes
checking for rb_hash_new_capa() in ruby.h... no
checking for rb_hash_bulk_insert() in ruby.h... yes
checking for strnlen() in string.h... yes
checking for whether -std=c99 is accepted as CFLAGS... yes
creating Makefile

current directory: /Users/evandana/Documents/GitHub/pmc/gems/json-2.12.2/ext/json/ext/parser
make DESTDIR\= sitearchdir\=./.gem.20250713-17563-qte7kj sitelibdir\=./.gem.20250713-17563-qte7kj clean

current directory: /Users/evandana/Documents/GitHub/pmc/gems/json-2.12.2/ext/json/ext/parser
make DESTDIR\= sitearchdir\=./.gem.20250713-17563-qte7kj sitelibdir\=./.gem.20250713-17563-qte7kj
compiling parser.c
linking shared-object json/ext/parser.bundle
ld: warning: ignoring duplicate libraries: '-lruby.3.1'

current directory: /Users/evandana/Documents/GitHub/pmc/gems/json-2.12.2/ext/json/ext/parser
make DESTDIR\= sitearchdir\=./.gem.20250713-17563-qte7kj sitelibdir\=./.gem.20250713-17563-qte7kj install
/usr/bin/install -c -m 0755 parser.bundle ./.gem.20250713-17563-qte7kj/json/ext

current directory: /Users/evandana/Documents/GitHub/pmc/gems/json-2.12.2/ext/json/ext/parser
make DESTDIR\= sitearchdir\=./.gem.20250713-17563-qte7kj sitelibdir\=./.gem.20250713-17563-qte7kj clean
