current directory: /Users/evandana/Documents/GitHub/pmc/gems/http_parser.rb-0.8.0/ext/ruby_http_parser
/opt/homebrew/opt/ruby@3.1/bin/ruby extconf.rb
creating Makefile

current directory: /Users/evandana/Documents/GitHub/pmc/gems/http_parser.rb-0.8.0/ext/ruby_http_parser
make DESTDIR\= sitearchdir\=./.gem.20250713-17563-mr5ate sitelibdir\=./.gem.20250713-17563-mr5ate clean

current directory: /Users/evandana/Documents/GitHub/pmc/gems/http_parser.rb-0.8.0/ext/ruby_http_parser
make DESTDIR\= sitearchdir\=./.gem.20250713-17563-mr5ate sitelibdir\=./.gem.20250713-17563-mr5ate
compiling ruby_http_parser.c
ruby_http_parser.c:365:17: warning: comparison of integers of different signs: 'size_t' (aka 'unsigned long') and 'long' [-Wsign-compare]
    if (nparsed < len)
        ~~~~~~~ ^ ~~~
1 warning generated.
compiling ryah_http_parser.c
linking shared-object ruby_http_parser.bundle
ld: warning: ignoring duplicate libraries: '-lruby.3.1'

current directory: /Users/evandana/Documents/GitHub/pmc/gems/http_parser.rb-0.8.0/ext/ruby_http_parser
make DESTDIR\= sitearchdir\=./.gem.20250713-17563-mr5ate sitelibdir\=./.gem.20250713-17563-mr5ate install
/usr/bin/install -c -m 0755 ruby_http_parser.bundle ./.gem.20250713-17563-mr5ate

current directory: /Users/evandana/Documents/GitHub/pmc/gems/http_parser.rb-0.8.0/ext/ruby_http_parser
make DESTDIR\= sitearchdir\=./.gem.20250713-17563-mr5ate sitelibdir\=./.gem.20250713-17563-mr5ate clean
